#
# There is insufficient memory for the Java Runtime Environment to continue.
# Native memory allocation (malloc) failed to allocate 4283160 bytes. Error detail: Chunk::new
# Possible reasons:
#   The system is out of physical RAM or swap space
#   This process is running with CompressedOops enabled, and the Java Heap may be blocking the growth of the native heap
# Possible solutions:
#   Reduce memory load on the system
#   Increase physical memory or swap space
#   Check if swap backing store is full
#   Decrease Java heap size (-Xmx/-Xms)
#   Decrease number of Java threads
#   Decrease Java thread stack sizes (-Xss)
#   Set larger code cache with -XX:ReservedCodeCacheSize=
#   JVM is running with Zero Based Compressed Oops mode in which the Java heap is
#     placed in the first 32GB address space. The Java Heap base address is the
#     maximum limit for the native heap growth. Please use -XX:HeapBaseMinAddress
#     to set the Java Heap base and to place the Java Heap above 32GB virtual address.
# This output file may be truncated or incomplete.
#
#  Out of Memory Error (arena.cpp:186), pid=27496, tid=17840
#
# JRE version: OpenJDK Runtime Environment (25.0+36) (build 25+36-3489)
# Java VM: OpenJDK 64-Bit Server VM (25+36-3489, mixed mode, sharing, tiered, compressed oops, compressed class ptrs, g1 gc, windows-amd64)
# No core dump will be written. Minidumps are not enabled by default on client versions of Windows
#

---------------  S U M M A R Y ------------

Command Line: -javaagent:C:\Program Files\JetBrains\IntelliJ IDEA 2025.2.1\lib\idea_rt.jar=50576 -Dfile.encoding=UTF-8 -Dsun.stdout.encoding=UTF-8 -Dsun.stderr.encoding=UTF-8 com.nutriplanner.backend.BackendApplication

Host: 13th Gen Intel(R) Core(TM) i5-13420H, 12 cores, 15G,  Windows 11 , 64 bit Build 26100 (10.0.26100.6725)
Time: Tue Nov  4 10:38:27 2025 elapsed time: 6570.471484 seconds (0d 1h 49m 30s)

---------------  T H R E A D  ---------------

Current thread (0x000001d86e6b9f30):  JavaThread "C2 CompilerThread0" daemon [_thread_in_native, id=17840, stack(0x000000be76c00000,0x000000be76d00000) (1024K)]


Current CompileTask:
C2:6570472 9330       4       org.springframework.boot.devtools.filewatch.FileSystemWatcher$Watcher::getCurrentSnapshots (63 bytes)

Stack: [0x000000be76c00000,0x000000be76d00000]
Native frames: (J=compiled Java code, j=interpreted, Vv=VM code, C=native code)
V  [jvm.dll+0x7a6a39]  (no source info available)
V  [jvm.dll+0x7727ed]  (no source info available)
V  [jvm.dll+0x965f33]  (no source info available)
V  [jvm.dll+0x968531]  (no source info available)
V  [jvm.dll+0x968c33]  (no source info available)
V  [jvm.dll+0x2fc756]  (no source info available)
V  [jvm.dll+0x111b26]  (no source info available)
V  [jvm.dll+0x111e4e]  (no source info available)
V  [jvm.dll+0x1a0a22]  (no source info available)
V  [jvm.dll+0x3b53c2]  (no source info available)
V  [jvm.dll+0x7ac3cf]  (no source info available)
V  [jvm.dll+0x2c0ac7]  (no source info available)
V  [jvm.dll+0x2bfa8f]  (no source info available)
V  [jvm.dll+0x237b60]  (no source info available)
V  [jvm.dll+0x2cfb56]  (no source info available)
V  [jvm.dll+0x2cddd5]  (no source info available)
V  [jvm.dll+0x48e671]  (no source info available)
V  [jvm.dll+0x90681d]  (no source info available)
V  [jvm.dll+0x7a5015]  (no source info available)
C  [ucrtbase.dll+0x37b0]  (no source info available)
C  [KERNEL32.DLL+0x2e8d7]  (no source info available)
C  [ntdll.dll+0x8c53c]  (no source info available)

Lock stack of current Java thread (top to bottom):


---------------  P R O C E S S  ---------------

Threads class SMR info:
_java_thread_list=0x000001d873044bd0, length=31, elements={
0x000001d86e69dca0, 0x000001d86e69e700, 0x000001d86e6a0af0, 0x000001d86e6a3960,
0x000001d86e6a5540, 0x000001d86e6abbb0, 0x000001d86e6b9f30, 0x000001d86e6c2b80,
0x000001d86e6ad320, 0x000001d86e6adaf0, 0x000001d86e6aac10, 0x000001d873d08c50,
0x000001d873d06d10, 0x000001d873d0b360, 0x000001d873d0cad0, 0x000001d873d0da70,
0x000001d86e6afa30, 0x000001d87805ec30, 0x000001d87805b580, 0x000001d87805dc90,
0x000001d87805bd50, 0x000001d87805fbd0, 0x000001d87805c520, 0x000001d878062ab0,
0x000001d878060b70, 0x000001d878061b10, 0x000001d8780603a0, 0x000001d8780622e0,
0x000001d87722ecb0, 0x000001d877231b90, 0x000001d877232b30
}

Java Threads: ( => current thread )
  0x000001d86e69dca0 JavaThread "Reference Handler"          daemon [_thread_blocked, id=4940, stack(0x000000be76600000,0x000000be76700000) (1024K)]
  0x000001d86e69e700 JavaThread "Finalizer"                  daemon [_thread_blocked, id=28860, stack(0x000000be76700000,0x000000be76800000) (1024K)]
  0x000001d86e6a0af0 JavaThread "Signal Dispatcher"          daemon [_thread_blocked, id=25340, stack(0x000000be76800000,0x000000be76900000) (1024K)]
  0x000001d86e6a3960 JavaThread "Attach Listener"            daemon [_thread_blocked, id=21148, stack(0x000000be76900000,0x000000be76a00000) (1024K)]
  0x000001d86e6a5540 JavaThread "Service Thread"             daemon [_thread_blocked, id=18664, stack(0x000000be76a00000,0x000000be76b00000) (1024K)]
  0x000001d86e6abbb0 JavaThread "Monitor Deflation Thread"   daemon [_thread_blocked, id=23088, stack(0x000000be76b00000,0x000000be76c00000) (1024K)]
=>0x000001d86e6b9f30 JavaThread "C2 CompilerThread0"         daemon [_thread_in_native, id=17840, stack(0x000000be76c00000,0x000000be76d00000) (1024K)]
  0x000001d86e6c2b80 JavaThread "C1 CompilerThread0"         daemon [_thread_blocked, id=19284, stack(0x000000be76d00000,0x000000be76e00000) (1024K)]
  0x000001d86e6ad320 JavaThread "Common-Cleaner"             daemon [_thread_blocked, id=20284, stack(0x000000be76e00000,0x000000be76f00000) (1024K)]
  0x000001d86e6adaf0 JavaThread "Monitor Ctrl-Break"         daemon [_thread_in_native, id=22132, stack(0x000000be77100000,0x000000be77200000) (1024K)]
  0x000001d86e6aac10 JavaThread "Notification Thread"        daemon [_thread_blocked, id=25692, stack(0x000000be77200000,0x000000be77300000) (1024K)]
  0x000001d873d08c50 JavaThread "Catalina-utility-1"                [_thread_blocked, id=28468, stack(0x000000be78000000,0x000000be78100000) (1024K)]
  0x000001d873d06d10 JavaThread "Catalina-utility-2"                [_thread_blocked, id=28604, stack(0x000000be78100000,0x000000be78200000) (1024K)]
  0x000001d873d0b360 JavaThread "container-0"                       [_thread_blocked, id=19272, stack(0x000000be78200000,0x000000be78300000) (1024K)]
  0x000001d873d0cad0 JavaThread "PostgreSQL-JDBC-Cleaner"    daemon [_thread_blocked, id=28108, stack(0x000000be78400000,0x000000be78500000) (1024K)]
  0x000001d873d0da70 JavaThread "HikariPool-1:housekeeper"   daemon [_thread_blocked, id=28488, stack(0x000000be78500000,0x000000be78600000) (1024K)]
  0x000001d86e6afa30 JavaThread "File Watcher"               daemon [_thread_blocked, id=26052, stack(0x000000be78700000,0x000000be78800000) (1024K)]
  0x000001d87805ec30 JavaThread "Live Reload Server"         daemon [_thread_in_native, id=29520, stack(0x000000be78900000,0x000000be78a00000) (1024K)]
  0x000001d87805b580 JavaThread "http-nio-8080-exec-1"       daemon [_thread_blocked, id=26972, stack(0x000000be78800000,0x000000be78900000) (1024K)]
  0x000001d87805dc90 JavaThread "http-nio-8080-exec-2"       daemon [_thread_blocked, id=25212, stack(0x000000be78a00000,0x000000be78b00000) (1024K)]
  0x000001d87805bd50 JavaThread "http-nio-8080-exec-3"       daemon [_thread_blocked, id=23988, stack(0x000000be78b00000,0x000000be78c00000) (1024K)]
  0x000001d87805fbd0 JavaThread "http-nio-8080-exec-4"       daemon [_thread_blocked, id=24292, stack(0x000000be78c00000,0x000000be78d00000) (1024K)]
  0x000001d87805c520 JavaThread "http-nio-8080-exec-5"       daemon [_thread_blocked, id=27392, stack(0x000000be78d00000,0x000000be78e00000) (1024K)]
  0x000001d878062ab0 JavaThread "http-nio-8080-exec-6"       daemon [_thread_blocked, id=28048, stack(0x000000be78e00000,0x000000be78f00000) (1024K)]
  0x000001d878060b70 JavaThread "http-nio-8080-exec-7"       daemon [_thread_blocked, id=25264, stack(0x000000be78f00000,0x000000be79000000) (1024K)]
  0x000001d878061b10 JavaThread "http-nio-8080-exec-8"       daemon [_thread_blocked, id=24540, stack(0x000000be79000000,0x000000be79100000) (1024K)]
  0x000001d8780603a0 JavaThread "http-nio-8080-exec-9"       daemon [_thread_blocked, id=18228, stack(0x000000be79100000,0x000000be79200000) (1024K)]
  0x000001d8780622e0 JavaThread "http-nio-8080-exec-10"      daemon [_thread_blocked, id=23492, stack(0x000000be79200000,0x000000be79300000) (1024K)]
  0x000001d87722ecb0 JavaThread "http-nio-8080-Poller"       daemon [_thread_in_native, id=6156, stack(0x000000be79300000,0x000000be79400000) (1024K)]
  0x000001d877231b90 JavaThread "http-nio-8080-Acceptor"     daemon [_thread_in_native, id=22708, stack(0x000000be79400000,0x000000be79500000) (1024K)]
  0x000001d877232b30 JavaThread "DestroyJavaVM"                     [_thread_blocked, id=10380, stack(0x000000be75e00000,0x000000be75f00000) (1024K)]
Total: 31

Other Threads:
  0x000001d86e68a8f0 VMThread "VM Thread"                           [id=25832, stack(0x000000be76500000,0x000000be76600000) (1024K)]
  0x000001d86e558ff0 WatcherThread "VM Periodic Task Thread"        [id=12504, stack(0x000000be76400000,0x000000be76500000) (1024K)]
  0x000001d84efffdb0 WorkerThread "GC Thread#0"                     [id=28496, stack(0x000000be75f00000,0x000000be76000000) (1024K)]
  0x000001d873864c80 WorkerThread "GC Thread#1"                     [id=26428, stack(0x000000be77600000,0x000000be77700000) (1024K)]
  0x000001d873861020 WorkerThread "GC Thread#2"                     [id=4200, stack(0x000000be77700000,0x000000be77800000) (1024K)]
  0x000001d8738650d0 WorkerThread "GC Thread#3"                     [id=3048, stack(0x000000be77800000,0x000000be77900000) (1024K)]
  0x000001d873861d10 WorkerThread "GC Thread#4"                     [id=11096, stack(0x000000be77900000,0x000000be77a00000) (1024K)]
  0x000001d873861470 WorkerThread "GC Thread#5"                     [id=5192, stack(0x000000be77a00000,0x000000be77b00000) (1024K)]
  0x000001d873865520 WorkerThread "GC Thread#6"                     [id=18144, stack(0x000000be77b00000,0x000000be77c00000) (1024K)]
  0x000001d873865970 WorkerThread "GC Thread#7"                     [id=8764, stack(0x000000be77c00000,0x000000be77d00000) (1024K)]
  0x000001d874ef83c0 WorkerThread "GC Thread#8"                     [id=17104, stack(0x000000be77500000,0x000000be77600000) (1024K)]
  0x000001d874ef6590 WorkerThread "GC Thread#9"                     [id=23040, stack(0x000000be77d00000,0x000000be77e00000) (1024K)]
  0x000001d84f01a720 ConcurrentGCThread "G1 Main Marker"            [id=17816, stack(0x000000be76000000,0x000000be76100000) (1024K)]
  0x000001d84f01ba60 WorkerThread "G1 Conc#0"                       [id=27208, stack(0x000000be76100000,0x000000be76200000) (1024K)]
  0x000001d874ef76d0 WorkerThread "G1 Conc#1"                       [id=26108, stack(0x000000be77e00000,0x000000be77f00000) (1024K)]
  0x000001d874ef8810 WorkerThread "G1 Conc#2"                       [id=14016, stack(0x000000be77f00000,0x000000be78000000) (1024K)]
  0x000001d86e54afd0 ConcurrentGCThread "G1 Refine#0"               [id=26284, stack(0x000000be76200000,0x000000be76300000) (1024K)]
  0x000001d86e54bbe0 ConcurrentGCThread "G1 Service"                [id=14856, stack(0x000000be76300000,0x000000be76400000) (1024K)]
Total: 18

Threads with active compile tasks:
C2 CompilerThread0  6570608 9330       4       org.springframework.boot.devtools.filewatch.FileSystemWatcher$Watcher::getCurrentSnapshots (63 bytes)
Total: 1

VM state: not at safepoint (normal execution)

VM Mutex/Monitor currently owned by a thread: None

Heap address: 0x0000000704400000, size: 4028 MB, Compressed Oops mode: Zero based, Oop shift amount: 3

CDS archive(s) mapped at: [0x000000002a000000-0x000000002add0000-0x000000002add0000), size 14483456, SharedBaseAddress: 0x000000002a000000, ArchiveRelocationMode: 1.
Compressed class space mapped at: 0x000000002b000000-0x000000006b000000, reserved size: 1073741824
UseCompressedClassPointers 1, UseCompactObjectHeaders 0
Narrow klass pointer bits 32, Max shift 3
Narrow klass base: 0x000000002a000000, Narrow klass shift: 0
Encoding Range: [0x000000002a000000 - 0x000000012a000000), (4294967296 bytes)
Klass Range:    [0x000000002a010000 - 0x000000006b000000), (1090453504 bytes)
Klass ID Range:  [65536 - 1090519033) (1090453497)
Protection zone: [0x000000002a000000 - 0x000000002a010000), (65536 bytes)

GC Precious Log:
 CardTable entry size: 512
 Card Set container configuration: InlinePtr #cards 4 size 8 Array Of Cards #cards 16 size 48 Howl #buckets 8 coarsen threshold 3686 Howl Bitmap #cards 512 size 80 coarsen threshold 460 Card regions per heap region 1 cards per card region 4096
 CPUs: 12 total, 12 available
 Memory: 16108M
 Large Page Support: Disabled
 NUMA Support: Disabled
 Compressed Oops: Enabled (Zero based)
 Heap Region Size: 2M
 Heap Min Capacity: 8M
 Heap Initial Capacity: 252M
 Heap Max Capacity: 4028M
 Pre-touch: Disabled
 Parallel Workers: 10
 Concurrent Workers: 3
 Concurrent Refinement Workers: 10
 Periodic GC: Disabled

Heap:
 garbage-first heap   total reserved 4124672K, committed 77824K, used 67839K [0x0000000704400000, 0x0000000800000000)
  region size 2048K, 20 young (40960K), 2 survivors (4096K)

Heap Regions: E=young(eden), S=young(survivor), O=old, HS=humongous(starts), HC=humongous(continues), CS=collection set, F=free, TAMS=top-at-mark-start, PB=parsable bottom
|   0|0x0000000704400000, 0x0000000704600000, 0x0000000704600000|100%| O|  |TAMS 0x0000000704400000| PB 0x0000000704400000| Untracked |  0
|   1|0x0000000704600000, 0x0000000704800000, 0x0000000704800000|100%| O|  |TAMS 0x0000000704600000| PB 0x0000000704600000| Untracked |  0
|   2|0x0000000704800000, 0x0000000704a00000, 0x0000000704a00000|100%| O|  |TAMS 0x0000000704800000| PB 0x0000000704800000| Untracked |  0
|   3|0x0000000704a00000, 0x0000000704c00000, 0x0000000704c00000|100%| O|  |TAMS 0x0000000704a00000| PB 0x0000000704a00000| Untracked |  0
|   4|0x0000000704c00000, 0x0000000704e00000, 0x0000000704e00000|100%| O|  |TAMS 0x0000000704c00000| PB 0x0000000704c00000| Untracked |  0
|   5|0x0000000704e00000, 0x0000000704f2edb8, 0x0000000705000000| 59%| O|  |TAMS 0x0000000704e00000| PB 0x0000000704e00000| Untracked |  0
|   6|0x0000000705000000, 0x0000000705200000, 0x0000000705200000|100%| O|  |TAMS 0x0000000705000000| PB 0x0000000705000000| Untracked |  0
|   7|0x0000000705200000, 0x0000000705400000, 0x0000000705400000|100%| O|  |TAMS 0x0000000705200000| PB 0x0000000705200000| Untracked |  0
|   8|0x0000000705400000, 0x0000000705400000, 0x0000000705600000|  0%| F|  |TAMS 0x0000000705400000| PB 0x0000000705400000| Untracked |  0
|   9|0x0000000705600000, 0x0000000705800000, 0x0000000705800000|100%| O|  |TAMS 0x0000000705600000| PB 0x0000000705600000| Untracked |  0
|  10|0x0000000705800000, 0x0000000705a00000, 0x0000000705a00000|100%| O|  |TAMS 0x0000000705800000| PB 0x0000000705800000| Untracked |  0
|  11|0x0000000705a00000, 0x0000000705c00000, 0x0000000705c00000|100%| O|  |TAMS 0x0000000705a00000| PB 0x0000000705a00000| Untracked |  0
|  12|0x0000000705c00000, 0x0000000705d11180, 0x0000000705e00000| 53%| S|CS|TAMS 0x0000000705c00000| PB 0x0000000705c00000| Complete |  0
|  13|0x0000000705e00000, 0x0000000706000000, 0x0000000706000000|100%| S|CS|TAMS 0x0000000705e00000| PB 0x0000000705e00000| Complete |  0
|  14|0x0000000706000000, 0x0000000706000000, 0x0000000706200000|  0%| F|  |TAMS 0x0000000706000000| PB 0x0000000706000000| Untracked |  0
|  15|0x0000000706200000, 0x0000000706400000, 0x0000000706400000|100%| O|  |TAMS 0x0000000706200000| PB 0x0000000706200000| Untracked |  0
|  16|0x0000000706400000, 0x0000000706400000, 0x0000000706600000|  0%| F|  |TAMS 0x0000000706400000| PB 0x0000000706400000| Untracked |  0
|  17|0x0000000706600000, 0x000000070674b318, 0x0000000706800000| 64%| E|  |TAMS 0x0000000706600000| PB 0x0000000706600000| Complete |  0
|  18|0x0000000706800000, 0x0000000706a00000, 0x0000000706a00000|100%| E|CS|TAMS 0x0000000706800000| PB 0x0000000706800000| Complete |  0
|  19|0x0000000706a00000, 0x0000000706c00000, 0x0000000706c00000|100%| E|CS|TAMS 0x0000000706a00000| PB 0x0000000706a00000| Complete |  0
|  20|0x0000000706c00000, 0x0000000706e00000, 0x0000000706e00000|100%| E|CS|TAMS 0x0000000706c00000| PB 0x0000000706c00000| Complete |  0
|  21|0x0000000706e00000, 0x0000000707000000, 0x0000000707000000|100%| E|CS|TAMS 0x0000000706e00000| PB 0x0000000706e00000| Complete |  0
|  22|0x0000000707000000, 0x0000000707200000, 0x0000000707200000|100%| E|CS|TAMS 0x0000000707000000| PB 0x0000000707000000| Complete |  0
|  23|0x0000000707200000, 0x0000000707400000, 0x0000000707400000|100%| E|CS|TAMS 0x0000000707200000| PB 0x0000000707200000| Complete |  0
|  24|0x0000000707400000, 0x0000000707600000, 0x0000000707600000|100%| E|CS|TAMS 0x0000000707400000| PB 0x0000000707400000| Complete |  0
|  25|0x0000000707600000, 0x0000000707800000, 0x0000000707800000|100%| E|CS|TAMS 0x0000000707600000| PB 0x0000000707600000| Complete |  0
|  26|0x0000000707800000, 0x0000000707a00000, 0x0000000707a00000|100%| E|CS|TAMS 0x0000000707800000| PB 0x0000000707800000| Complete |  0
|  96|0x0000000710400000, 0x0000000710600000, 0x0000000710600000|100%| E|CS|TAMS 0x0000000710400000| PB 0x0000000710400000| Complete |  0
|  97|0x0000000710600000, 0x0000000710800000, 0x0000000710800000|100%| E|CS|TAMS 0x0000000710600000| PB 0x0000000710600000| Complete |  0
|  98|0x0000000710800000, 0x0000000710a00000, 0x0000000710a00000|100%| E|CS|TAMS 0x0000000710800000| PB 0x0000000710800000| Complete |  0
| 102|0x0000000711000000, 0x0000000711200000, 0x0000000711200000|100%| E|CS|TAMS 0x0000000711000000| PB 0x0000000711000000| Complete |  0
| 103|0x0000000711200000, 0x0000000711400000, 0x0000000711400000|100%| E|CS|TAMS 0x0000000711200000| PB 0x0000000711200000| Complete |  0
| 104|0x0000000711400000, 0x0000000711600000, 0x0000000711600000|100%| E|CS|TAMS 0x0000000711400000| PB 0x0000000711400000| Complete |  0
| 125|0x0000000713e00000, 0x0000000714000000, 0x0000000714000000|100%| E|CS|TAMS 0x0000000713e00000| PB 0x0000000713e00000| Complete |  0
|2010|0x00000007ff800000, 0x00000007ffa00000, 0x00000007ffa00000|100%| O|  |TAMS 0x00000007ff800000| PB 0x00000007ff800000| Untracked |  0
|2011|0x00000007ffa00000, 0x00000007ffc00000, 0x00000007ffc00000|100%| O|  |TAMS 0x00000007ffa00000| PB 0x00000007ffa00000| Untracked |  0
|2012|0x00000007ffc00000, 0x00000007ffe00000, 0x00000007ffe00000|100%| O|  |TAMS 0x00000007ffc00000| PB 0x00000007ffc00000| Untracked |  0
|2013|0x00000007ffe00000, 0x0000000800000000, 0x0000000800000000|100%| E|CS|TAMS 0x00000007ffe00000| PB 0x00000007ffe00000| Complete |  0

Card table byte_map: [0x000001d867650000,0x000001d867e30000] _byte_map_base: 0x000001d863e2e000

Marking Bits: (CMBitMap*) 0x000001d84f000540
 Bits: [0x000001d867e30000, 0x000001d86bd20000)

Polling page: 0x000001d84cd90000

Metaspace:
Metaspace        used 74139K, committed 74752K, reserved 1179648K
 class space     used 8044K, committed 8320K, reserved 1048576K

Usage:
  Non-class:     64.55 MB used.
      Class:      7.86 MB used.
       Both:     72.40 MB used.

Virtual space:
  Non-class space:      128.00 MB reserved,      64.88 MB ( 51%) committed,  2 nodes.
      Class space:        1.00 GB reserved,       8.12 MB ( <1%) committed,  1 nodes.
             Both:        1.12 GB reserved,      73.00 MB (  6%) committed. 

Chunk freelists:
   Non-Class:  15.05 MB
       Class:  7.92 MB
        Both:  22.97 MB

MaxMetaspaceSize: unlimited
CompressedClassSpaceSize: 1.00 GB
Initial GC threshold: 21.00 MB
Current GC threshold: 120.25 MB
CDS: on
 - commit_granule_bytes: 65536.
 - commit_granule_words: 8192.
 - virtual_space_node_default_size: 8388608.
 - enlarge_chunks_in_place: 1.
UseCompressedClassPointers 1, UseCompactObjectHeaders 0
Narrow klass pointer bits 32, Max shift 3
Narrow klass base: 0x000000002a000000, Narrow klass shift: 0
Encoding Range: [0x000000002a000000 - 0x000000012a000000), (4294967296 bytes)
Klass Range:    [0x000000002a010000 - 0x000000006b000000), (1090453504 bytes)
Klass ID Range:  [65536 - 1090519033) (1090453497)
Protection zone: [0x000000002a000000 - 0x000000002a010000), (65536 bytes)


Internal statistics:

num_allocs_failed_limit: 11.
num_arena_births: 654.
num_arena_deaths: 0.
num_vsnodes_births: 3.
num_vsnodes_deaths: 0.
num_space_committed: 1168.
num_space_uncommitted: 0.
num_chunks_returned_to_freelist: 11.
num_chunks_taken_from_freelist: 3312.
num_chunk_merges: 11.
num_chunk_splits: 2453.
num_chunks_enlarged: 2060.
num_inconsistent_stats: 0.

CodeHeap 'non-profiled nmethods': size=120064Kb used=3579Kb max_used=3579Kb free=116484Kb
 bounds [0x000001d85f2d0000, 0x000001d85f650000, 0x000001d866810000]
CodeHeap 'profiled nmethods': size=120000Kb used=12605Kb max_used=12605Kb free=107394Kb
 bounds [0x000001d857810000, 0x000001d858460000, 0x000001d85ed40000]
CodeHeap 'non-nmethods': size=5696Kb used=1612Kb max_used=1753Kb free=4083Kb
 bounds [0x000001d85ed40000, 0x000001d85efb0000, 0x000001d85f2d0000]
CodeCache: size=245760Kb, used=17796Kb, max_used=17937Kb, free=227961Kb
 total_blobs=8943, nmethods=8211, adapters=634, full_count=0
Compilation: enabled, stopped_count=0, restarted_count=0

Compilation events (20 events):
Event: 6526.502 Thread 0x000001d86e6c2b80 nmethod 9320 0x000001d85845b888 code [0x000001d85845b980, 0x000001d85845bee8]
Event: 6526.502 Thread 0x000001d86e6c2b80 9321       3       sun.security.jca.ProviderList$ServiceIterator::<init> (45 bytes)
Event: 6526.503 Thread 0x000001d86e6c2b80 nmethod 9321 0x000001d85845bf08 code [0x000001d85845c000, 0x000001d85845c458]
Event: 6526.503 Thread 0x000001d86e6c2b80 9322       3       sun.security.jca.ProviderList$ServiceIterator::hasNext (17 bytes)
Event: 6526.503 Thread 0x000001d86e6c2b80 nmethod 9322 0x000001d85845c488 code [0x000001d85845c580, 0x000001d85845c708]
Event: 6526.503 Thread 0x000001d86e6c2b80 9323       3       sun.security.jca.ProviderList$ServiceIterator::next (5 bytes)
Event: 6526.504 Thread 0x000001d86e6c2b80 nmethod 9323 0x000001d85845c788 code [0x000001d85845c880, 0x000001d85845cbb8]
Event: 6526.504 Thread 0x000001d86e6c2b80 9324       3       sun.security.jca.ProviderList$ServiceIterator::next (33 bytes)
Event: 6526.504 Thread 0x000001d86e6c2b80 nmethod 9324 0x000001d85845cc08 code [0x000001d85845cd00, 0x000001d85845cf60]
Event: 6526.505 Thread 0x000001d86e6c2b80 9325       3       sun.security.jca.ProviderList$ServiceIterator::addService (60 bytes)
Event: 6526.506 Thread 0x000001d86e6c2b80 nmethod 9325 0x000001d85845cf88 code [0x000001d85845d080, 0x000001d85845d890]
Event: 6526.515 Thread 0x000001d86e6c2b80 9326       3       java.util.Hashtable::addEntry (87 bytes)
Event: 6526.516 Thread 0x000001d86e6c2b80 nmethod 9326 0x000001d85845d908 code [0x000001d85845da00, 0x000001d85845e138]
Event: 6526.516 Thread 0x000001d86e6c2b80 9327       3       java.util.Hashtable$Entry::<init> (26 bytes)
Event: 6526.516 Thread 0x000001d86e6c2b80 nmethod 9327 0x000001d85845e188 code [0x000001d85845e280, 0x000001d85845e510]
Event: 6533.760 Thread 0x000001d86e6c2b80 9328       3       java.util.Hashtable$Enumerator::nextElement (111 bytes)
Event: 6533.761 Thread 0x000001d86e6c2b80 nmethod 9328 0x000001d85845e588 code [0x000001d85845e680, 0x000001d85845eb80]
Event: 6555.460 Thread 0x000001d86e6c2b80 9329   !   3       sun.nio.ch.SelectorImpl::lockAndDoSelect (87 bytes)
Event: 6555.461 Thread 0x000001d86e6c2b80 nmethod 9329 0x000001d85845eb88 code [0x000001d85845ec80, 0x000001d85845f480]
Event: 6569.322 Thread 0x000001d86e6b9f30 9330       4       org.springframework.boot.devtools.filewatch.FileSystemWatcher$Watcher::getCurrentSnapshots (63 bytes)

GC Heap Usage History (20 events):
Event: 2.498 {heap Before GC invocations=5 (full 0):
 garbage-first heap   total reserved 4124672K, committed 77824K, used 30978K [0x0000000704400000, 0x0000000800000000)
  region size 2048K, 8 young (16384K), 2 survivors (4096K)
}
Event: 2.500 {heap After GC invocations=6 (full 0):
 garbage-first heap   total reserved 4124672K, committed 77824K, used 20881K [0x0000000704400000, 0x0000000800000000)
  region size 2048K, 2 young (4096K), 2 survivors (4096K)
}
Event: 3.054 {heap Before GC invocations=7 (full 0):
 garbage-first heap   total reserved 4124672K, committed 77824K, used 55697K [0x0000000704400000, 0x0000000800000000)
  region size 2048K, 20 young (40960K), 2 survivors (4096K)
}
Event: 3.057 {heap After GC invocations=8 (full 0):
 garbage-first heap   total reserved 4124672K, committed 77824K, used 23182K [0x0000000704400000, 0x0000000800000000)
  region size 2048K, 3 young (6144K), 3 survivors (6144K)
}
Event: 3.553 {heap Before GC invocations=8 (full 0):
 garbage-first heap   total reserved 4124672K, committed 77824K, used 60046K [0x0000000704400000, 0x0000000800000000)
  region size 2048K, 21 young (43008K), 3 survivors (6144K)
}
Event: 3.557 {heap After GC invocations=9 (full 0):
 garbage-first heap   total reserved 4124672K, committed 77824K, used 25173K [0x0000000704400000, 0x0000000800000000)
  region size 2048K, 3 young (6144K), 3 survivors (6144K)
}
Event: 3.828 {heap Before GC invocations=9 (full 0):
 garbage-first heap   total reserved 4124672K, committed 77824K, used 43605K [0x0000000704400000, 0x0000000800000000)
  region size 2048K, 13 young (26624K), 3 survivors (6144K)
}
Event: 3.831 {heap After GC invocations=10 (full 0):
 garbage-first heap   total reserved 4124672K, committed 77824K, used 26956K [0x0000000704400000, 0x0000000800000000)
  region size 2048K, 2 young (4096K), 2 survivors (4096K)
}
Event: 4.398 {heap Before GC invocations=11 (full 0):
 garbage-first heap   total reserved 4124672K, committed 77824K, used 63820K [0x0000000704400000, 0x0000000800000000)
  region size 2048K, 20 young (40960K), 2 survivors (4096K)
}
Event: 4.401 {heap After GC invocations=12 (full 0):
 garbage-first heap   total reserved 4124672K, committed 77824K, used 30670K [0x0000000704400000, 0x0000000800000000)
  region size 2048K, 3 young (6144K), 3 survivors (6144K)
}
Event: 4.631 {heap Before GC invocations=12 (full 0):
 garbage-first heap   total reserved 4124672K, committed 77824K, used 63438K [0x0000000704400000, 0x0000000800000000)
  region size 2048K, 19 young (38912K), 3 survivors (6144K)
}
Event: 4.634 {heap After GC invocations=13 (full 0):
 garbage-first heap   total reserved 4124672K, committed 77824K, used 31676K [0x0000000704400000, 0x0000000800000000)
  region size 2048K, 1 young (2048K), 1 survivors (2048K)
}
Event: 645.474 {heap Before GC invocations=13 (full 0):
 garbage-first heap   total reserved 4124672K, committed 77824K, used 66492K [0x0000000704400000, 0x0000000800000000)
  region size 2048K, 18 young (36864K), 1 survivors (2048K)
}
Event: 645.476 {heap After GC invocations=14 (full 0):
 garbage-first heap   total reserved 4124672K, committed 77824K, used 32566K [0x0000000704400000, 0x0000000800000000)
  region size 2048K, 2 young (4096K), 2 survivors (4096K)
}
Event: 1811.299 {heap Before GC invocations=14 (full 0):
 garbage-first heap   total reserved 4124672K, committed 77824K, used 67382K [0x0000000704400000, 0x0000000800000000)
  region size 2048K, 19 young (38912K), 2 survivors (4096K)
}
Event: 1811.329 {heap After GC invocations=15 (full 0):
 garbage-first heap   total reserved 4124672K, committed 77824K, used 33179K [0x0000000704400000, 0x0000000800000000)
  region size 2048K, 2 young (4096K), 2 survivors (4096K)
}
Event: 3097.806 {heap Before GC invocations=16 (full 0):
 garbage-first heap   total reserved 4124672K, committed 77824K, used 65947K [0x0000000704400000, 0x0000000800000000)
  region size 2048K, 19 young (38912K), 2 survivors (4096K)
}
Event: 3097.867 {heap After GC invocations=17 (full 0):
 garbage-first heap   total reserved 4124672K, committed 77824K, used 33572K [0x0000000704400000, 0x0000000800000000)
  region size 2048K, 2 young (4096K), 2 survivors (4096K)
}
Event: 5356.313 {heap Before GC invocations=17 (full 0):
 garbage-first heap   total reserved 4124672K, committed 77824K, used 70436K [0x0000000704400000, 0x0000000800000000)
  region size 2048K, 20 young (40960K), 2 survivors (4096K)
}
Event: 5356.348 {heap After GC invocations=18 (full 0):
 garbage-first heap   total reserved 4124672K, committed 77824K, used 33023K [0x0000000704400000, 0x0000000800000000)
  region size 2048K, 2 young (4096K), 2 survivors (4096K)
}

Metaspace Usage History (20 events):
Event: 2.498 {metaspace Before GC invocations=5 (full 0):
 Metaspace       used 35628K, committed 35968K, reserved 1114112K
  class space    used 3712K, committed 3840K, reserved 1048576K
}
Event: 2.500 {metaspace After GC invocations=6 (full 0):
 Metaspace       used 35628K, committed 35968K, reserved 1114112K
  class space    used 3712K, committed 3840K, reserved 1048576K
}
Event: 3.054 {metaspace Before GC invocations=7 (full 0):
 Metaspace       used 46012K, committed 46336K, reserved 1114112K
  class space    used 4689K, committed 4800K, reserved 1048576K
}
Event: 3.057 {metaspace After GC invocations=8 (full 0):
 Metaspace       used 46012K, committed 46336K, reserved 1114112K
  class space    used 4689K, committed 4800K, reserved 1048576K
}
Event: 3.553 {metaspace Before GC invocations=8 (full 0):
 Metaspace       used 56441K, committed 56896K, reserved 1114112K
  class space    used 5916K, committed 6144K, reserved 1048576K
}
Event: 3.557 {metaspace After GC invocations=9 (full 0):
 Metaspace       used 56441K, committed 56896K, reserved 1114112K
  class space    used 5916K, committed 6144K, reserved 1048576K
}
Event: 3.828 {metaspace Before GC invocations=9 (full 0):
 Metaspace       used 59872K, committed 60288K, reserved 1114112K
  class space    used 6262K, committed 6464K, reserved 1048576K
}
Event: 3.831 {metaspace After GC invocations=10 (full 0):
 Metaspace       used 59872K, committed 60288K, reserved 1114112K
  class space    used 6262K, committed 6464K, reserved 1048576K
}
Event: 4.398 {metaspace Before GC invocations=11 (full 0):
 Metaspace       used 64339K, committed 64832K, reserved 1114112K
  class space    used 6850K, committed 7040K, reserved 1048576K
}
Event: 4.401 {metaspace After GC invocations=12 (full 0):
 Metaspace       used 64339K, committed 64832K, reserved 1114112K
  class space    used 6850K, committed 7040K, reserved 1048576K
}
Event: 4.631 {metaspace Before GC invocations=12 (full 0):
 Metaspace       used 67567K, committed 68032K, reserved 1114112K
  class space    used 7428K, committed 7616K, reserved 1048576K
}
Event: 4.634 {metaspace After GC invocations=13 (full 0):
 Metaspace       used 67567K, committed 68032K, reserved 1114112K
  class space    used 7428K, committed 7616K, reserved 1048576K
}
Event: 645.474 {metaspace Before GC invocations=13 (full 0):
 Metaspace       used 72839K, committed 73408K, reserved 1179648K
  class space    used 7990K, committed 8256K, reserved 1048576K
}
Event: 645.476 {metaspace After GC invocations=14 (full 0):
 Metaspace       used 72839K, committed 73408K, reserved 1179648K
  class space    used 7990K, committed 8256K, reserved 1048576K
}
Event: 1811.299 {metaspace Before GC invocations=14 (full 0):
 Metaspace       used 73352K, committed 73856K, reserved 1179648K
  class space    used 8018K, committed 8256K, reserved 1048576K
}
Event: 1811.329 {metaspace After GC invocations=15 (full 0):
 Metaspace       used 73352K, committed 73856K, reserved 1179648K
  class space    used 8018K, committed 8256K, reserved 1048576K
}
Event: 3097.806 {metaspace Before GC invocations=16 (full 0):
 Metaspace       used 73723K, committed 74304K, reserved 1179648K
  class space    used 8042K, committed 8320K, reserved 1048576K
}
Event: 3097.867 {metaspace After GC invocations=17 (full 0):
 Metaspace       used 73723K, committed 74304K, reserved 1179648K
  class space    used 8042K, committed 8320K, reserved 1048576K
}
Event: 5356.313 {metaspace Before GC invocations=17 (full 0):
 Metaspace       used 73821K, committed 74368K, reserved 1179648K
  class space    used 8043K, committed 8320K, reserved 1048576K
}
Event: 5356.348 {metaspace After GC invocations=18 (full 0):
 Metaspace       used 73821K, committed 74368K, reserved 1179648K
  class space    used 8043K, committed 8320K, reserved 1048576K
}

Dll operation events (11 events):
Event: 0.010 Loaded shared library C:\Users\user\.jdks\openjdk-25\bin\java.dll
Event: 0.098 Loaded shared library C:\Users\user\.jdks\openjdk-25\bin\zip.dll
Event: 0.101 Loaded shared library C:\Users\user\.jdks\openjdk-25\bin\instrument.dll
Event: 0.104 Loaded shared library C:\Users\user\.jdks\openjdk-25\bin\net.dll
Event: 0.105 Loaded shared library C:\Users\user\.jdks\openjdk-25\bin\nio.dll
Event: 0.107 Loaded shared library C:\Users\user\.jdks\openjdk-25\bin\zip.dll
Event: 0.180 Loaded shared library C:\Users\user\.jdks\openjdk-25\bin\extnet.dll
Event: 0.200 Loaded shared library C:\Users\user\.jdks\openjdk-25\bin\jimage.dll
Event: 0.394 Loaded shared library C:\Users\user\.jdks\openjdk-25\bin\management.dll
Event: 0.396 Loaded shared library C:\Users\user\.jdks\openjdk-25\bin\management_ext.dll
Event: 1.152 Loaded shared library C:\Users\user\.jdks\openjdk-25\bin\sunmscapi.dll

Deoptimization events (20 events):
Event: 5383.350 Thread 0x000001d873d06d10 Uncommon trap: trap_request=0xffffffbe fr.pc=0x000001d85f4d8f64 relative=0x0000000000000364
Event: 5383.350 Thread 0x000001d873d06d10 Uncommon trap: reason=profile_predicate action=maybe_recompile pc=0x000001d85f4d8f64 method=java.util.concurrent.ConcurrentHashMap$Traverser.advance()Ljava/util/concurrent/ConcurrentHashMap$Node; @ 15 c2
Event: 5383.350 Thread 0x000001d873d06d10 DEOPT PACKING pc=0x000001d85f4d8f64 sp=0x000000be781fee70
Event: 5383.351 Thread 0x000001d873d06d10 DEOPT UNPACKING pc=0x000001d85ee5fc82 sp=0x000000be781febc8 mode 2
Event: 5384.351 Thread 0x000001d873d08c50 Uncommon trap: trap_request=0xffffffbe fr.pc=0x000001d85f4d8f64 relative=0x0000000000000364
Event: 5384.351 Thread 0x000001d873d08c50 Uncommon trap: reason=profile_predicate action=maybe_recompile pc=0x000001d85f4d8f64 method=java.util.concurrent.ConcurrentHashMap$Traverser.advance()Ljava/util/concurrent/ConcurrentHashMap$Node; @ 15 c2
Event: 5384.351 Thread 0x000001d873d08c50 DEOPT PACKING pc=0x000001d85f4d8f64 sp=0x000000be780ff5f0
Event: 5384.351 Thread 0x000001d873d08c50 DEOPT UNPACKING pc=0x000001d85ee5fc82 sp=0x000000be780ff348 mode 2
Event: 6324.227 Thread 0x000001d87722ecb0 Uncommon trap: trap_request=0xffffff45 fr.pc=0x000001d85f3741a8 relative=0x00000000000003a8
Event: 6324.228 Thread 0x000001d87722ecb0 Uncommon trap: reason=unstable_if action=reinterpret pc=0x000001d85f3741a8 method=org.apache.tomcat.util.collections.SynchronizedQueue.size()I @ 11 c2
Event: 6324.229 Thread 0x000001d87722ecb0 DEOPT PACKING pc=0x000001d85f3741a8 sp=0x000000be793ff680
Event: 6324.233 Thread 0x000001d87722ecb0 DEOPT UNPACKING pc=0x000001d85ee5fc82 sp=0x000000be793ff598 mode 2
Event: 6324.256 Thread 0x000001d87805c520 DEOPT PACKING pc=0x000001d8579be168 sp=0x000000be78dfce90
Event: 6324.256 Thread 0x000001d87805c520 DEOPT UNPACKING pc=0x000001d85ed91702 sp=0x000000be78dfc390 mode 0
Event: 6391.963 Thread 0x000001d873858770 DEOPT PACKING pc=0x000001d858239528 sp=0x000000be75cfe6f0
Event: 6391.963 Thread 0x000001d873858770 DEOPT UNPACKING pc=0x000001d85ed91702 sp=0x000000be75cfdb60 mode 0
Event: 6425.573 Thread 0x000001d87722ecb0 Uncommon trap: trap_request=0xffffff45 fr.pc=0x000001d85f6347d0 relative=0x00000000000017d0
Event: 6425.573 Thread 0x000001d87722ecb0 Uncommon trap: reason=unstable_if action=reinterpret pc=0x000001d85f6347d0 method=java.nio.channels.spi.AbstractSelectionKey.isValid()Z @ 4 c2
Event: 6425.573 Thread 0x000001d87722ecb0 DEOPT PACKING pc=0x000001d85f6347d0 sp=0x000000be793ff5d0
Event: 6425.573 Thread 0x000001d87722ecb0 DEOPT UNPACKING pc=0x000001d85ee5fc82 sp=0x000000be793ff3f8 mode 2

Classes loaded (20 events):
Event: 2556.915 Loading class java/util/concurrent/locks/AbstractQueuedLongSynchronizer$Node
Event: 2556.968 Loading class java/util/concurrent/locks/AbstractQueuedLongSynchronizer$Node done
Event: 2593.121 Loading class java/util/concurrent/locks/ReentrantReadWriteLock$Sync$HoldCounter
Event: 2593.128 Loading class java/util/concurrent/locks/ReentrantReadWriteLock$Sync$HoldCounter done
Event: 2593.241 Loading class java/util/ArrayList$SubList$2
Event: 2593.243 Loading class java/util/ArrayList$SubList$2 done
Event: 2593.397 Loading class java/util/stream/ReferencePipeline$4
Event: 2593.398 Loading class java/util/stream/ReferencePipeline$4 done
Event: 2593.399 Loading class java/util/function/IntBinaryOperator
Event: 2593.399 Loading class java/util/function/IntBinaryOperator done
Event: 2593.401 Loading class java/util/stream/ReduceOps$7
Event: 2593.402 Loading class java/util/stream/ReduceOps$7 done
Event: 2593.402 Loading class java/util/stream/ReduceOps$6ReducingSink
Event: 2593.404 Loading class java/util/stream/ReduceOps$6ReducingSink done
Event: 2593.404 Loading class java/util/stream/ReferencePipeline$4$1
Event: 2593.404 Loading class java/util/stream/ReferencePipeline$4$1 done
Event: 2593.445 Loading class java/lang/Throwable$WrappedPrintWriter
Event: 2593.446 Loading class java/lang/Throwable$PrintStreamOrWriter
Event: 2593.446 Loading class java/lang/Throwable$PrintStreamOrWriter done
Event: 2593.446 Loading class java/lang/Throwable$WrappedPrintWriter done

Classes unloaded (0 events):
No events

Classes redefined (0 events):
No events

Internal exceptions (20 events):
Event: 1210.278 Thread 0x000001d878061b10 Implicit null exception at 0x000001d85f4a3c17 to 0x000001d85f4a4490
Event: 1210.279 Thread 0x000001d878061b10 Implicit null exception at 0x000001d85f57ab6a to 0x000001d85f5820f8
Event: 2593.224 Thread 0x000001d8780622e0 Exception <a 'java/lang/NoSuchMethodError'{0x00000007077284d8}: 'java.lang.Object java.lang.invoke.DirectMethodHandle$Holder.invokeStatic(java.lang.Object, int, int)'> (0x00000007077284d8) 
thrown [s\open\src\hotspot\share\interpreter\linkResolver.cpp, line 804]
Event: 2593.294 Thread 0x000001d8780622e0 Exception <a 'java/io/IOException'{0x000000070776bcb0}> (0x000000070776bcb0) 
thrown [s\open\src\hotspot\share\prims\jni.cpp, line 516]
Event: 2620.803 Thread 0x000001d87805bd50 Exception <a 'java/io/IOException'{0x00000007074be0f8}> (0x00000007074be0f8) 
thrown [s\open\src\hotspot\share\prims\jni.cpp, line 516]
Event: 2677.130 Thread 0x000001d878061b10 Exception <a 'java/io/IOException'{0x00000007076b6518}> (0x00000007076b6518) 
thrown [s\open\src\hotspot\share\prims\jni.cpp, line 516]
Event: 2958.933 Thread 0x000001d878060b70 Exception <a 'java/io/IOException'{0x000000071087d3d8}> (0x000000071087d3d8) 
thrown [s\open\src\hotspot\share\prims\jni.cpp, line 516]
Event: 4934.455 Thread 0x000001d87805c520 Exception <a 'java/io/IOException'{0x000000070715c0f8}> (0x000000070715c0f8) 
thrown [s\open\src\hotspot\share\prims\jni.cpp, line 516]
Event: 5381.349 Thread 0x000001d873d08c50 Implicit null exception at 0x000001d85f4d8c84 to 0x000001d85f4d8f48
Event: 5382.358 Thread 0x000001d873d06d10 Implicit null exception at 0x000001d85f4d8c84 to 0x000001d85f4d8f48
Event: 5383.350 Thread 0x000001d873d06d10 Implicit null exception at 0x000001d85f4d8c84 to 0x000001d85f4d8f48
Event: 5384.351 Thread 0x000001d873d08c50 Implicit null exception at 0x000001d85f4d8c84 to 0x000001d85f4d8f48
Event: 5938.222 Thread 0x000001d87805bd50 Exception <a 'java/io/IOException'{0x0000000710782fc8}> (0x0000000710782fc8) 
thrown [s\open\src\hotspot\share\prims\jni.cpp, line 516]
Event: 5964.489 Thread 0x000001d878062ab0 Exception <a 'java/io/IOException'{0x00000007104c65a8}> (0x00000007104c65a8) 
thrown [s\open\src\hotspot\share\prims\jni.cpp, line 516]
Event: 6108.413 Thread 0x000001d878062ab0 Exception <a 'java/io/IOException'{0x00000007076ca928}> (0x00000007076ca928) 
thrown [s\open\src\hotspot\share\prims\jni.cpp, line 516]
Event: 6229.353 Thread 0x000001d8780622e0 Exception <a 'java/io/IOException'{0x00000007072d8738}> (0x00000007072d8738) 
thrown [s\open\src\hotspot\share\prims\jni.cpp, line 516]
Event: 6262.029 Thread 0x000001d87805bd50 Exception <a 'java/io/IOException'{0x00000007072b0c30}> (0x00000007072b0c30) 
thrown [s\open\src\hotspot\share\prims\jni.cpp, line 516]
Event: 6314.768 Thread 0x000001d87805dc90 Exception <a 'java/io/IOException'{0x0000000706e9d980}> (0x0000000706e9d980) 
thrown [s\open\src\hotspot\share\prims\jni.cpp, line 516]
Event: 6320.366 Thread 0x000001d8780603a0 Exception <a 'java/io/IOException'{0x0000000706ecd0d8}> (0x0000000706ecd0d8) 
thrown [s\open\src\hotspot\share\prims\jni.cpp, line 516]
Event: 6365.145 Thread 0x000001d8780603a0 Exception <a 'java/io/IOException'{0x0000000706c08aa8}> (0x0000000706c08aa8) 
thrown [s\open\src\hotspot\share\prims\jni.cpp, line 516]

VM Operations (20 events):
Event: 6162.354 Executing non-safepoint VM operation: HandshakeAllThreads (HandshakeForDeflation)
Event: 6162.355 Executing non-safepoint VM operation: HandshakeAllThreads (HandshakeForDeflation) done
Event: 6162.355 Executing non-safepoint VM operation: RendezvousGCThreads
Event: 6162.355 Executing non-safepoint VM operation: RendezvousGCThreads done
Event: 6222.596 Executing non-safepoint VM operation: HandshakeAllThreads (HandshakeForDeflation)
Event: 6222.596 Executing non-safepoint VM operation: HandshakeAllThreads (HandshakeForDeflation) done
Event: 6222.597 Executing non-safepoint VM operation: RendezvousGCThreads
Event: 6222.597 Executing non-safepoint VM operation: RendezvousGCThreads done
Event: 6282.817 Executing non-safepoint VM operation: HandshakeAllThreads (HandshakeForDeflation)
Event: 6282.817 Executing non-safepoint VM operation: HandshakeAllThreads (HandshakeForDeflation) done
Event: 6282.817 Executing non-safepoint VM operation: RendezvousGCThreads
Event: 6282.817 Executing non-safepoint VM operation: RendezvousGCThreads done
Event: 6343.028 Executing non-safepoint VM operation: HandshakeAllThreads (HandshakeForDeflation)
Event: 6343.028 Executing non-safepoint VM operation: HandshakeAllThreads (HandshakeForDeflation) done
Event: 6343.028 Executing non-safepoint VM operation: RendezvousGCThreads
Event: 6343.028 Executing non-safepoint VM operation: RendezvousGCThreads done
Event: 6403.156 Executing non-safepoint VM operation: HandshakeAllThreads (HandshakeForDeflation)
Event: 6403.157 Executing non-safepoint VM operation: HandshakeAllThreads (HandshakeForDeflation) done
Event: 6403.157 Executing non-safepoint VM operation: RendezvousGCThreads
Event: 6403.157 Executing non-safepoint VM operation: RendezvousGCThreads done

Memory protections (0 events):
No events

Nmethod flushes (20 events):
Event: 1811.505 Thread 0x000001d86e68a8f0 flushing  nmethod 0x000001d857982288
Event: 1811.505 Thread 0x000001d86e68a8f0 flushing  nmethod 0x000001d8579ce788
Event: 1811.505 Thread 0x000001d86e68a8f0 flushing  nmethod 0x000001d857a09208
Event: 1811.505 Thread 0x000001d86e68a8f0 flushing  nmethod 0x000001d857a0b188
Event: 1811.505 Thread 0x000001d86e68a8f0 flushing  nmethod 0x000001d857aa3008
Event: 1811.505 Thread 0x000001d86e68a8f0 flushing  nmethod 0x000001d857ac2188
Event: 1811.505 Thread 0x000001d86e68a8f0 flushing  nmethod 0x000001d857b67a08
Event: 1811.505 Thread 0x000001d86e68a8f0 flushing  nmethod 0x000001d857b69408
Event: 1811.505 Thread 0x000001d86e68a8f0 flushing  nmethod 0x000001d857b69a08
Event: 1811.505 Thread 0x000001d86e68a8f0 flushing  nmethod 0x000001d857b96788
Event: 1811.505 Thread 0x000001d86e68a8f0 flushing  nmethod 0x000001d857b96f88
Event: 1811.505 Thread 0x000001d86e68a8f0 flushing  nmethod 0x000001d857badd08
Event: 1811.505 Thread 0x000001d86e68a8f0 flushing  nmethod 0x000001d857bae388
Event: 1811.505 Thread 0x000001d86e68a8f0 flushing  nmethod 0x000001d857be5408
Event: 1811.505 Thread 0x000001d86e68a8f0 flushing  nmethod 0x000001d857be7f08
Event: 1811.505 Thread 0x000001d86e68a8f0 flushing  nmethod 0x000001d857c3dc08
Event: 1811.505 Thread 0x000001d86e68a8f0 flushing  nmethod 0x000001d85807ed08
Event: 1811.505 Thread 0x000001d86e68a8f0 flushing  nmethod 0x000001d85807f908
Event: 1811.505 Thread 0x000001d86e68a8f0 flushing  nmethod 0x000001d85807fc08
Event: 1811.505 Thread 0x000001d86e68a8f0 flushing  nmethod 0x000001d8580d4a08

Events (20 events):
Event: 6431.939 Thread 0x000001d873d0da70 Thread added: 0x000001d87385b650
Event: 6431.942 Thread 0x000001d87385b650 Thread added: 0x000001d87385fca0
Event: 6436.948 Thread 0x000001d87385b650 Thread exited: 0x000001d87385b650
Event: 6437.064 Thread 0x000001d87385fca0 Thread exited: 0x000001d87385fca0
Event: 6446.978 Thread 0x000001d873d0da70 Thread added: 0x000001d86e6aa440
Event: 6446.981 Thread 0x000001d86e6aa440 Thread added: 0x000001d87385b650
Event: 6451.988 Thread 0x000001d86e6aa440 Thread exited: 0x000001d86e6aa440
Event: 6452.125 Thread 0x000001d87385b650 Thread exited: 0x000001d87385b650
Event: 6510.300 Thread 0x000001d873d0da70 Thread added: 0x000001d873858770
Event: 6510.303 Thread 0x000001d873858770 Thread added: 0x000001d87385fca0
Event: 6515.315 Thread 0x000001d873858770 Thread exited: 0x000001d873858770
Event: 6515.546 Thread 0x000001d87385fca0 Thread exited: 0x000001d87385fca0
Event: 6526.430 Thread 0x000001d873d0da70 Thread added: 0x000001d86e6aa440
Event: 6526.432 Thread 0x000001d86e6aa440 Thread added: 0x000001d87385b650
Event: 6532.048 Thread 0x000001d86e6aa440 Thread exited: 0x000001d86e6aa440
Event: 6532.190 Thread 0x000001d87385b650 Thread exited: 0x000001d87385b650
Event: 6533.674 Thread 0x000001d873d0da70 Thread added: 0x000001d873858770
Event: 6533.676 Thread 0x000001d873858770 Thread added: 0x000001d87385fca0
Event: 6538.681 Thread 0x000001d873858770 Thread exited: 0x000001d873858770
Event: 6538.799 Thread 0x000001d87385fca0 Thread exited: 0x000001d87385fca0


Dynamic libraries:
0x00007ff70a5f0000 - 0x00007ff70a5fe000 	C:\Users\user\.jdks\openjdk-25\bin\java.exe
0x00007fff48da0000 - 0x00007fff49008000 	C:\Windows\SYSTEM32\ntdll.dll
0x00007fff47900000 - 0x00007fff479c9000 	C:\Windows\System32\KERNEL32.DLL
0x00007fff46770000 - 0x00007fff46b62000 	C:\Windows\System32\KERNELBASE.dll
0x00007fff461d0000 - 0x00007fff4631b000 	C:\Windows\System32\ucrtbase.dll
0x00007fff43870000 - 0x00007fff43887000 	C:\Users\user\.jdks\openjdk-25\bin\jli.dll
0x00007fff43850000 - 0x00007fff4386e000 	C:\Users\user\.jdks\openjdk-25\bin\VCRUNTIME140.dll
0x00007fff476b0000 - 0x00007fff47875000 	C:\Windows\System32\USER32.dll
0x00007fff463b0000 - 0x00007fff463d7000 	C:\Windows\System32\win32u.dll
0x00007fff2cb70000 - 0x00007fff2ce03000 	C:\Windows\WinSxS\amd64_microsoft.windows.common-controls_6595b64144ccf1df_6.0.26100.6899_none_3e0efeeae32e88c1\COMCTL32.dll
0x00007fff47fa0000 - 0x00007fff47fcb000 	C:\Windows\System32\GDI32.dll
0x00007fff47ef0000 - 0x00007fff47f99000 	C:\Windows\System32\msvcrt.dll
0x00007fff45f30000 - 0x00007fff4605d000 	C:\Windows\System32\gdi32full.dll
0x00007fff46620000 - 0x00007fff466c3000 	C:\Windows\System32\msvcp_win.dll
0x00007fff47650000 - 0x00007fff4767f000 	C:\Windows\System32\IMM32.DLL
0x00007fff43b10000 - 0x00007fff43b1c000 	C:\Users\user\.jdks\openjdk-25\bin\vcruntime140_1.dll
0x00007fff3c4a0000 - 0x00007fff3c52d000 	C:\Users\user\.jdks\openjdk-25\bin\msvcp140.dll
0x00007ffeac170000 - 0x00007ffeacfcf000 	C:\Users\user\.jdks\openjdk-25\bin\server\jvm.dll
0x00007fff48720000 - 0x00007fff487d4000 	C:\Windows\System32\ADVAPI32.dll
0x00007fff471f0000 - 0x00007fff47296000 	C:\Windows\System32\sechost.dll
0x00007fff48b90000 - 0x00007fff48ca8000 	C:\Windows\System32\RPCRT4.dll
0x00007fff47090000 - 0x00007fff47104000 	C:\Windows\System32\WS2_32.dll
0x00007fff45d90000 - 0x00007fff45dee000 	C:\Windows\SYSTEM32\POWRPROF.dll
0x00007fff43a20000 - 0x00007fff43a2b000 	C:\Windows\SYSTEM32\VERSION.dll
0x00007fff37430000 - 0x00007fff37465000 	C:\Windows\SYSTEM32\WINMM.dll
0x00007fff45d70000 - 0x00007fff45d84000 	C:\Windows\SYSTEM32\UMPDC.dll
0x00007fff44cc0000 - 0x00007fff44cdb000 	C:\Windows\SYSTEM32\kernel.appcore.dll
0x00007fff43af0000 - 0x00007fff43afa000 	C:\Users\user\.jdks\openjdk-25\bin\jimage.dll
0x00007fff429f0000 - 0x00007fff42c32000 	C:\Windows\SYSTEM32\DBGHELP.DLL
0x00007fff487e0000 - 0x00007fff48b5b000 	C:\Windows\System32\combase.dll
0x00007fff47110000 - 0x00007fff471e7000 	C:\Windows\System32\OLEAUT32.dll
0x00007fff2a540000 - 0x00007fff2a57c000 	C:\Windows\SYSTEM32\dbgcore.DLL
0x00007fff466d0000 - 0x00007fff46768000 	C:\Windows\System32\bcryptPrimitives.dll
0x00007fff43ac0000 - 0x00007fff43ad0000 	C:\Users\user\.jdks\openjdk-25\bin\instrument.dll
0x00007fff43830000 - 0x00007fff4384f000 	C:\Users\user\.jdks\openjdk-25\bin\java.dll
0x00007fff47450000 - 0x00007fff475e8000 	C:\Windows\System32\ole32.dll
0x00007fff47fd0000 - 0x00007fff4871d000 	C:\Windows\System32\SHELL32.dll
0x00007fff46060000 - 0x00007fff461cb000 	C:\Windows\System32\wintypes.dll
0x00007fff43b40000 - 0x00007fff4439d000 	C:\Windows\SYSTEM32\windows.storage.dll
0x00007fff46f90000 - 0x00007fff47082000 	C:\Windows\System32\SHCORE.dll
0x00007fff47890000 - 0x00007fff478f2000 	C:\Windows\System32\shlwapi.dll
0x00007fff45e50000 - 0x00007fff45e79000 	C:\Windows\SYSTEM32\profapi.dll
0x00007fff3c480000 - 0x00007fff3c497000 	C:\Users\user\.jdks\openjdk-25\bin\zip.dll
0x00007fff3ebd0000 - 0x00007fff3ebe2000 	C:\Users\user\.jdks\openjdk-25\bin\net.dll
0x00007fff45210000 - 0x00007fff4527b000 	C:\Windows\system32\mswsock.dll
0x00007fff3ebb0000 - 0x00007fff3ebc6000 	C:\Users\user\.jdks\openjdk-25\bin\nio.dll
0x00007fff43aa0000 - 0x00007fff43aa9000 	C:\Users\user\.jdks\openjdk-25\bin\extnet.dll
0x00007fff43820000 - 0x00007fff4382a000 	C:\Users\user\.jdks\openjdk-25\bin\management.dll
0x00007fff3eba0000 - 0x00007fff3ebac000 	C:\Users\user\.jdks\openjdk-25\bin\management_ext.dll
0x00007fff47a50000 - 0x00007fff47a58000 	C:\Windows\System32\PSAPI.DLL
0x00007fff43a70000 - 0x00007fff43a7e000 	C:\Users\user\.jdks\openjdk-25\bin\sunmscapi.dll
0x00007fff463e0000 - 0x00007fff46557000 	C:\Windows\System32\CRYPT32.dll
0x00007fff45740000 - 0x00007fff45770000 	C:\Windows\SYSTEM32\ncrypt.dll
0x00007fff456f0000 - 0x00007fff4572f000 	C:\Windows\SYSTEM32\NTASN1.dll
0x00007fff455f0000 - 0x00007fff4560b000 	C:\Windows\SYSTEM32\CRYPTSP.dll
0x00007fff44c20000 - 0x00007fff44c5b000 	C:\Windows\system32\rsaenh.dll
0x00007fff452b0000 - 0x00007fff452db000 	C:\Windows\SYSTEM32\USERENV.dll
0x00007fff45e20000 - 0x00007fff45e46000 	C:\Windows\SYSTEM32\bcrypt.dll
0x00007fff45450000 - 0x00007fff4545c000 	C:\Windows\SYSTEM32\CRYPTBASE.dll
0x00007fff446c0000 - 0x00007fff446f4000 	C:\Windows\SYSTEM32\IPHLPAPI.DLL
0x00007fff47880000 - 0x00007fff4788a000 	C:\Windows\System32\NSI.dll
0x00007fff44750000 - 0x00007fff44876000 	C:\Windows\SYSTEM32\DNSAPI.dll
0x00007fff3fd60000 - 0x00007fff3fd6b000 	C:\Windows\System32\rasadhlp.dll
0x00007fff41600000 - 0x00007fff41686000 	C:\Windows\System32\fwpuclnt.dll
0x00007fff2caa0000 - 0x00007fff2caa8000 	C:\Windows\system32\wshunix.dll

JVMTI agents:
C:\Program Files\JetBrains\IntelliJ IDEA 2025.2.1\lib\idea_rt.jar path:C:\Users\user\.jdks\openjdk-25\bin\instrument.dll, loaded, initialized, instrumentlib options:50576

dbghelp: loaded successfully - version: 4.0.5 - missing functions: none
symbol engine: initialized successfully - sym options: 0x614 - pdb path: .;C:\Users\user\.jdks\openjdk-25\bin;C:\Windows\SYSTEM32;C:\Windows\WinSxS\amd64_microsoft.windows.common-controls_6595b64144ccf1df_6.0.26100.6899_none_3e0efeeae32e88c1;C:\Users\user\.jdks\openjdk-25\bin\server

VM Arguments:
jvm_args: -javaagent:C:\Program Files\JetBrains\IntelliJ IDEA 2025.2.1\lib\idea_rt.jar=50576 -Dfile.encoding=UTF-8 -Dsun.stdout.encoding=UTF-8 -Dsun.stderr.encoding=UTF-8 
java_command: com.nutriplanner.backend.BackendApplication
java_class_path (initial): C:\Users\user\Desktop\nutriplanner-backend\backend\target\classes;C:\Users\user\.m2\repository\org\springframework\boot\spring-boot-starter-data-jpa\3.5.7\spring-boot-starter-data-jpa-3.5.7.jar;C:\Users\user\.m2\repository\org\springframework\boot\spring-boot-starter\3.5.7\spring-boot-starter-3.5.7.jar;C:\Users\user\.m2\repository\org\springframework\boot\spring-boot-starter-logging\3.5.7\spring-boot-starter-logging-3.5.7.jar;C:\Users\user\.m2\repository\ch\qos\logback\logback-classic\1.5.20\logback-classic-1.5.20.jar;C:\Users\user\.m2\repository\ch\qos\logback\logback-core\1.5.20\logback-core-1.5.20.jar;C:\Users\user\.m2\repository\org\apache\logging\log4j\log4j-to-slf4j\2.24.3\log4j-to-slf4j-2.24.3.jar;C:\Users\user\.m2\repository\org\apache\logging\log4j\log4j-api\2.24.3\log4j-api-2.24.3.jar;C:\Users\user\.m2\repository\org\slf4j\jul-to-slf4j\2.0.17\jul-to-slf4j-2.0.17.jar;C:\Users\user\.m2\repository\jakarta\annotation\jakarta.annotation-api\2.1.1\jakarta.annotation-api-2.1.1.jar;C:\Users\user\.m2\repository\org\yaml\snakeyaml\2.4\snakeyaml-2.4.jar;C:\Users\user\.m2\repository\org\springframework\boot\spring-boot-starter-jdbc\3.5.7\spring-boot-starter-jdbc-3.5.7.jar;C:\Users\user\.m2\repository\com\zaxxer\HikariCP\6.3.3\HikariCP-6.3.3.jar;C:\Users\user\.m2\repository\org\springframework\spring-jdbc\6.2.12\spring-jdbc-6.2.12.jar;C:\Users\user\.m2\repository\org\hibernate\orm\hibernate-core\6.6.33.Final\hibernate-core-6.6.33.Final.jar;C:\Users\user\.m2\repository\jakarta\persistence\jakarta.persistence-api\3.1.0\jakarta.persistence-api-3.1.0.jar;C:\Users\user\.m2\repository\jakarta\transaction\jakarta.transaction-api\2.0.1\jakarta.transaction-api-2.0.1.jar;C:\Users\user\.m2\repository\org\jboss\logging\jboss-logging\3.6.1.Final\jboss-logging-3.6.1.Final.jar;C:\Users\user\.m2\repository\org\hibernate\common\hibernate-commons-annotations\7.0.3.Final\hibernate-commons-annotations-7.0.3.Final.jar;C:\Users\user\.m2\repository\io\smallrye\jandex\3.2.0\jandex-3.2.0.jar;C:\Users\user\.m2\repository\com\fasterxml\classmate\1.7.1\classmate-1.7.1.jar;C:\Users\user\.m2\repository\net\bytebuddy\byte-buddy\1.17.8\byte-buddy-1.17.8.jar;C:\Users\user\.m2\repository\org\glassfish\jaxb\jaxb-runtime\4.0.6\jaxb-runtime-4.0.6.jar;C:\Users\user\.m2\repository\org\glassfish\jaxb\jaxb-core\4.0.6\jaxb-core-4.0.6.jar;C:\Users\user\.m2\repository\org\eclipse\angus\angus-activation\2.0.3\angus-activation-2.0.3.jar;C:\Users\user\.m2\repository\org\glassfish\jaxb\txw2\4.0.6\txw2-4.0.6.jar;C:\Users\user\.m2\repository\com\sun\istack\istack-commons-runtime\4.1.2\istack-commons-runtime-4.1.2.jar;C:\Users\user\.m2\repository\jakarta\inject\jakarta.inject-api\2.0.1\jakarta.inject-api-2.0.1.jar;C:\Users\user\.m2\repository\org\antlr\antlr4-runtime\4.13.0\antlr4-runtime-4.13.0.jar;C:\Users\user\.m2\repository\org\springframework\data\spring-data-jpa\3.5.5\spring-data-jpa-3.5.5.jar;C:\Users\user\.m2\repository\org\springframework\data\spring-data-commons\3.5.5\spring-data-commons-3.5.5.jar;C:\Users\user\.m2\repository\org\springframework\spring-orm\6.2.12\spring-orm-6.2.12.jar;C:\Users\user\.m2\repository\org\springframework\spring-context\6.2.12\spring-context-6.2.12.jar;C:\Users\user\.m2\repository\org\springframework\spring-aop\6.2.12\spring-aop-6.2.12.jar;C:\Users\user\.m2\repository\org\springframework\spring-tx\6.2.12\spring-tx-6.2.12.jar;C:\Users\user\.m2\repository\org\springframework\spring-beans\6.2.12\spring-beans-6.2.12.jar;C:\Users\user\.m2\repository\org\slf4j\slf4j-api\2.0.17\slf4j-api-2.0.17.jar;C:\Users\user\.m2\repository\org\springframework\spring-aspects\6.2.12\spring-aspects-6.2.12.jar;C:\Users\user\.m2\repository\org\aspectj\aspectjweaver\1.9.24\aspectjweaver-1.9.24.jar;C:\Users\user\.m2\repository\org\springframework\boot\spring-boot-starter-validation\3.5.7\spring-boot-starter-validation-3.5.7.jar;C:\Users\user\.m2\repository\org\apache\tomcat\embed\tomcat-embed-el\10.1.48\tomcat-embed-el-10.1.48.jar;C:\Users\user\.m2\repository\org\hibernate\validator\hibernate-validator\8.0.3.Final\hibernate-validator-8.0.3.Final.jar;C:\Users\user\.m2\repository\jakarta\validation\jakarta.validation-api\3.0.2\jakarta.validation-api-3.0.2.jar;C:\Users\user\.m2\repository\org\springframework\boot\spring-boot-starter-web\3.5.7\spring-boot-starter-web-3.5.7.jar;C:\Users\user\.m2\repository\org\springframework\boot\spring-boot-starter-json\3.5.7\spring-boot-starter-json-3.5.7.jar;C:\Users\user\.m2\repository\com\fasterxml\jackson\core\jackson-databind\2.19.2\jackson-databind-2.19.2.jar;C:\Users\user\.m2\repository\com\fasterxml\jackson\core\jackson-annotations\2.19.2\jackson-annotations-2.19.2.jar;C:\Users\user\.m2\repository\com\fasterxml\jackson\core\jackson-core\2.19.2\jackson-core-2.19.2.jar;C:\Users\user\.m2\repository\com\fasterxml\jackson\datatype\jackson-datatype-jdk8\2.19.2\jackson-datatype-jdk8-2.19.2.jar;C:\Users\user\.m2\repository\com\fasterxml\jackson\datatype\jackson-datatype-jsr310\2.19.2\jackson-datatype-jsr310-2.19.2.jar;C:\Users\user\.m2\repository\com\fasterxml\jackson\module\jackson-module-parameter-names\2.19.2\jackson-module-parameter-names-2.19.2.jar;C:\Users\user\.m2\repository\org\springframework\boot\spring-boot-starter-tomcat\3.5.7\spring-boot-starter-tomcat-3.5.7.jar;C:\Users\user\.m2\repository\org\apache\tomcat\embed\tomcat-embed-core\10.1.48\tomcat-embed-core-10.1.48.jar;C:\Users\user\.m2\repository\org\apache\tomcat\embed\tomcat-embed-websocket\10.1.48\tomcat-embed-websocket-10.1.48.jar;C:\Users\user\.m2\repository\org\springframework\spring-web\6.2.12\spring-web-6.2.12.jar;C:\Users\user\.m2\repository\io\micrometer\micrometer-observation\1.15.5\micrometer-observation-1.15.5.jar;C:\Users\user\.m2\repository\io\micrometer\micrometer-commons\1.15.5\micrometer-commons-1.15.5.jar;C:\Users\user\.m2\repository\org\springframework\spring-webmvc\6.2.12\spring-webmvc-6.2.12.jar;C:\Users\user\.m2\repository\org\springframework\spring-expression\6.2.12\spring-expression-6.2.12.jar;C:\Users\user\.m2\repository\org\springframework\boot\spring-boot-devtools\3.5.7\spring-boot-devtools-3.5.7.jar;C:\Users\user\.m2\repository\org\springframework\boot\spring-boot\3.5.7\spring-boot-3.5.7.jar;C:\Users\user\.m2\repository\org\springframework\boot\spring-boot-autoconfigure\3.5.7\spring-boot-autoconfigure-3.5.7.jar;C:\Users\user\.m2\repository\com\h2database\h2\2.3.232\h2-2.3.232.jar;C:\Users\user\.m2\repository\org\postgresql\postgresql\42.7.8\postgresql-42.7.8.jar;C:\Users\user\.m2\repository\org\checkerframework\checker-qual\3.49.5\checker-qual-3.49.5.jar;C:\Users\user\.m2\repository\org\projectlombok\lombok\1.18.42\lombok-1.18.42.jar;C:\Users\user\.m2\repository\jakarta\xml\bind\jakarta.xml.bind-api\4.0.4\jakarta.xml.bind-api-4.0.4.jar;C:\Users\user\.m2\repository\jakarta\activation\jakarta.activation-api\2.1.4\jakarta.activation-api-2.1.4.jar;C:\Users\user\.m2\repository\org\springframework\spring-core\6.2.12\spring-core-6.2.12.jar;C:\Users\user\.m2\repository\org\springframework\spring-jcl\6.2.12\spring-jcl-6.2.12.jar
Launcher Type: SUN_STANDARD

[Global flags]
     intx CICompilerCount                          = 4                                         {product} {ergonomic}
     uint ConcGCThreads                            = 3                                         {product} {ergonomic}
     uint G1ConcRefinementThreads                  = 10                                        {product} {ergonomic}
   size_t G1HeapRegionSize                         = 2097152                                   {product} {ergonomic}
   size_t InitialHeapSize                          = 264241152                                 {product} {ergonomic}
   size_t MarkStackSize                            = 4194304                                   {product} {ergonomic}
   size_t MarkStackSizeMax                         = 536870912                                 {product} {ergonomic}
   size_t MaxHeapSize                              = 4223664128                                {product} {ergonomic}
   size_t MaxNewSize                               = 2533359616                                {product} {ergonomic}
   size_t MinHeapDeltaBytes                        = 2097152                                   {product} {ergonomic}
   size_t MinHeapSize                              = 8388608                                   {product} {ergonomic}
    uintx NonNMethodCodeHeapSize                   = 5832704                                {pd product} {ergonomic}
    uintx NonProfiledCodeHeapSize                  = 122945536                              {pd product} {ergonomic}
    uintx ProfiledCodeHeapSize                     = 122880000                              {pd product} {ergonomic}
    uintx ReservedCodeCacheSize                    = 251658240                              {pd product} {ergonomic}
     bool SegmentedCodeCache                       = true                                      {product} {ergonomic}
   size_t SoftMaxHeapSize                          = 4223664128                             {manageable} {ergonomic}
     bool UseCompressedOops                        = true                           {product lp64_product} {ergonomic}
     bool UseG1GC                                  = true                                      {product} {ergonomic}
     bool UseLargePagesIndividualAllocation        = false                                  {pd product} {ergonomic}

Logging:
Log output configuration:
 #0: stdout all=warning uptime,level,tags foldmultilines=false
 #1: stderr all=off uptime,level,tags foldmultilines=false

Release file:
IMPLEMENTOR="Oracle Corporation" 
JAVA_RUNTIME_VERSION="25+36-3489" 
JAVA_VERSION="25" 
JAVA_VERSION_DATE="2025-09-16" 
LIBC="default" 
MODULES="java.base java.compiler java.datatransfer java.xml java.prefs java.desktop java.instrument java.logging java.management java.security.sasl java.naming java.rmi java.management.rmi java.net.http java.scripting java.security.jgss java.transaction.xa java.sql java.sql.rowset java.xml.crypto java.se java.smartcardio jdk.accessibility jdk.internal.jvmstat jdk.attach jdk.charsets jdk.internal.opt jdk.zipfs jdk.compiler jdk.crypto.cryptoki jdk.crypto.ec jdk.crypto.mscapi jdk.dynalink jdk.internal.ed jdk.editpad jdk.internal.vm.ci jdk.graal.compiler jdk.graal.compiler.management jdk.hotspot.agent jdk.httpserver jdk.incubator.vector jdk.internal.le jdk.internal.md jdk.jartool jdk.javadoc jdk.jcmd jdk.management jdk.management.agent jdk.jconsole jdk.jdeps jdk.jdwp.agent jdk.jdi jdk.jfr jdk.jlink jdk.jpackage jdk.jshell jdk.jsobject jdk.jstatd jdk.localedata jdk.management.jfr jdk.naming.dns jdk.naming.rmi jdk.net jdk.nio.mapmode jdk.sctp jdk.security.auth jdk.security.jgss jdk.unsupported jdk.unsupported.desktop jdk.xml.dom" 
OS_ARCH="x86_64" 
OS_NAME="Windows" 
SOURCE=".:git:6c48f4ed707b" 

Environment Variables:
JAVA_HOME=C:\Java\OpenJDK25U-jdk_x64_windows_hotspot_25_36\jdk-25+36
PATH=C:\Program Files (x86)\Common Files\Oracle\Java\java8path;C:\Program Files (x86)\Common Files\Oracle\Java\javapath;C:\Windows\system32;C:\Windows;C:\Windows\System32\Wbem;C:\Windows\System32\WindowsPowerShell\v1.0\;C:\Windows\System32\OpenSSH\;C:\Windows\system32\config\systemprofile\AppData\Local\Microsoft\WindowsApps;C:\windows\system32\HWAudioDriver\;C:\Users\user\Desktop\Flatter\flutter\bin;C:\Program Files\Microsoft SQL Server\150\Tools\Binn\;C:\Program Files\Microsoft SQL Server\Client SDK\ODBC\170\Tools\Binn\;C:\Program Files\dotnet\;C:\Program Files (x86)\Windows Kits\10\Windows Performance Toolkit\;C:\Program Files\nodejs\;C:\Users\user\AppData\Local\Programs\Python\Python311\Scripts\;C:\Users\user\AppData\Local\Programs\Python\Python311\;C:\Users\user\AppData\Local\Programs\Python\Launcher\;C:\Program Files\PostgreSQL\18\bin\;C:\Users\user\AppData\Local\Microsoft\WindowsApps;C:\Users\user\AppData\Local\Programs\Microsoft VS Code\bin;C:\Users\user\flutter\bin;C:\flutter\bin;C:\Java\OpenJDK25U-jdk_x64_windows_hotspot_25_36\bin;C:\Java\OpenJDK25U-jdk_x64_windows_hotspot_25_36\bin;C:\Java\OpenJDK25U-jdk_x64_windows_hotspot_25_36\jdk-25+36\bin;C:\memegradesmaven\apache-maven-3.9.11-bin\apache-maven-3.9.11\bin\bin;C:\Windows\System32;C:\Users\user\AppData\Local\flutter\flutter\bin;C:\Users\user\.dotnet\tools;C:\Users\user\AppData\Roaming\npm
USERNAME=user
OS=Windows_NT
PROCESSOR_IDENTIFIER=Intel64 Family 6 Model 186 Stepping 2, GenuineIntel
TMP=C:\Users\user\AppData\Local\Temp
TEMP=C:\Users\user\AppData\Local\Temp




Compilation memory statistics disabled.

Periodic native trim disabled

---------------  S Y S T E M  ---------------

OS:
 Windows 11 , 64 bit Build 26100 (10.0.26100.6725)
OS uptime: 4 days 21:34 hours
Hyper-V role detected

CPU: total 12 (initial active 12) (6 cores per cpu, 2 threads per core) family 6 model 186 stepping 2 microcode 0x410e, cx8, cmov, fxsr, ht, mmx, 3dnowpref, sse, sse2, sse3, ssse3, sse4.1, sse4.2, popcnt, lzcnt, tsc, tscinvbit, avx, avx2, aes, erms, clmul, bmi1, bmi2, adx, sha, fma, vzeroupper, clflush, clflushopt, clwb, hv, serialize, rdtscp, rdpid, fsrm, gfni, f16c, cet_ibt, cet_ss
Processor Information for processor 0
  Max Mhz: 2100, Current Mhz: 2100, Mhz Limit: 2100
Processor Information for processor 1
  Max Mhz: 2100, Current Mhz: 2100, Mhz Limit: 2100
Processor Information for processor 2
  Max Mhz: 2100, Current Mhz: 2100, Mhz Limit: 2100
Processor Information for processor 3
  Max Mhz: 2100, Current Mhz: 2100, Mhz Limit: 2100
Processor Information for processor 4
  Max Mhz: 2100, Current Mhz: 2100, Mhz Limit: 2100
Processor Information for processor 5
  Max Mhz: 2100, Current Mhz: 2100, Mhz Limit: 2100
Processor Information for processor 6
  Max Mhz: 2100, Current Mhz: 2100, Mhz Limit: 2100
Processor Information for processor 7
  Max Mhz: 2100, Current Mhz: 2100, Mhz Limit: 2100
Processor Information for processor 8
  Max Mhz: 2100, Current Mhz: 1500, Mhz Limit: 1491
Processor Information for processor 9
  Max Mhz: 2100, Current Mhz: 1500, Mhz Limit: 1491
Processor Information for processor 10
  Max Mhz: 2100, Current Mhz: 1500, Mhz Limit: 1491
Processor Information for processor 11
  Max Mhz: 2100, Current Mhz: 1500, Mhz Limit: 1491

Memory: 4k page, system-wide physical 16108M (597M free)
TotalPageFile size 45948M (AvailPageFile size 3M)
current process WorkingSet (physical memory assigned to process): 117M, peak: 297M
current process commit charge ("private bytes"): 300M, peak: 408M

vm_info: OpenJDK 64-Bit Server VM (25+36-3489) for windows-amd64 JRE (25+36-3489), built on 2025-08-12T17:19:28Z with unknown MS VC++:1943

END.
